app/build/outputs/logs/manifest-merger-debug-report.txt
-- Merging decision tree log ---
manifest
ADDED from src\main\AndroidManifest.xml:2:1-299:12
	xmlns:android
		ADDED from src\main\AndroidManifest.xml:2:11-69
	package
		ADDED from src\main\AndroidManifest.xml:3:5-32
		INJECTED from src\main\AndroidManifest.xml
		INJECTED from src\main\AndroidManifest.xml
	android:versionName
		ADDED from src\main\AndroidManifest.xml:5:5-32
		INJECTED from src\main\AndroidManifest.xml
		INJECTED from src\main\AndroidManifest.xml
	android:versionCode
		ADDED from src\main\AndroidManifest.xml:4:5-28
		INJECTED from src\main\AndroidManifest.xml
		INJECTED from src\main\AndroidManifest.xml
uses-sdk
ADDED from src\main\AndroidManifest.xml:7:5-9:41
MERGED from [maikejia:library:unspecified] AndroidManifest.xml:7:5-9:40
MERGED from [maikejia:social_sdk_library_project:unspecified] AndroidManifest.xml:7:5-9:41
MERGED from [com.android.support:support-v4:23.3.0] AndroidManifest.xml:20:5-43
	android:targetSdkVersion
		ADDED from src\main\AndroidManifest.xml:9:9-38
		INJECTED from src\main\AndroidManifest.xml
		INJECTED from src\main\AndroidManifest.xml
	android:minSdkVersion
		ADDED from src\main\AndroidManifest.xml:8:9-35
		INJECTED from src\main\AndroidManifest.xml
		INJECTED from src\main\AndroidManifest.xml
uses-permission#android.permission.INTERNET
ADDED from src\main\AndroidManifest.xml:11:5-66
	android:name
		ADDED from src\main\AndroidManifest.xml:11:22-64
uses-permission#android.permission.ACCESS_NETWORK_STATE
ADDED from src\main\AndroidManifest.xml:16:5-79
	android:name
		ADDED from src\main\AndroidManifest.xml:16:22-76
uses-permission#android.permission.ACCESS_WIFI_STATE
ADDED from src\main\AndroidManifest.xml:18:5-76
	android:name
		ADDED from src\main\AndroidManifest.xml:18:22-73
uses-permission#android.permission.READ_PHONE_STATE
ADDED from src\main\AndroidManifest.xml:20:5-75
	android:name
		ADDED from src\main\AndroidManifest.xml:20:22-72
uses-permission#android.permission.WRITE_EXTERNAL_STORAGE
ADDED from src\main\AndroidManifest.xml:22:5-81
	android:name
		ADDED from src\main\AndroidManifest.xml:22:22-78
uses-permission#android.permission.GET_TASKS
ADDED from src\main\AndroidManifest.xml:26:2-65
	android:name
		ADDED from src\main\AndroidManifest.xml:26:19-62
uses-permission#android.permission.CHANGE_NETWORK_STATE
ADDED from src\main\AndroidManifest.xml:28:2-76
	android:name
		ADDED from src\main\AndroidManifest.xml:28:19-73
uses-permission#android.permission.CHANGE_WIFI_STATE
ADDED from src\main\AndroidManifest.xml:29:2-72
	android:name
		ADDED from src\main\AndroidManifest.xml:29:19-70
application
ADDED from src\main\AndroidManifest.xml:33:5-296:19
MERGED from [maikejia:library:unspecified] AndroidManifest.xml:11:5-20
MERGED from [maikejia:social_sdk_library_project:unspecified] AndroidManifest.xml:11:5-12:19
MERGED from [com.android.support:support-v4:23.3.0] AndroidManifest.xml:22:5-20
	android:label
		ADDED from src\main\AndroidManifest.xml:36:9-41
	android:allowBackup
		ADDED from src\main\AndroidManifest.xml:34:9-35
	android:icon
		ADDED from src\main\AndroidManifest.xml:35:9-45
	android:theme
		ADDED from src\main\AndroidManifest.xml:37:9-40
	android:hardwareAccelerated
		ADDED from src\main\AndroidManifest.xml:38:9-43
activity#com.mkch.maikejia.activity.MainActivity
ADDED from src\main\AndroidManifest.xml:40:9-50:20
	android:screenOrientation
		ADDED from src\main\AndroidManifest.xml:44:13-49
	android:label
		ADDED from src\main\AndroidManifest.xml:42:13-45
	android:theme
		ADDED from src\main\AndroidManifest.xml:43:13-72
	android:name
		ADDED from src\main\AndroidManifest.xml:41:13-50
intent-filter#android.intent.action.MAIN+android.intent.category.LAUNCHER
ADDED from src\main\AndroidManifest.xml:46:13-49:29
action#android.intent.action.MAIN
ADDED from src\main\AndroidManifest.xml:47:17-69
	android:name
		ADDED from src\main\AndroidManifest.xml:47:25-66
category#android.intent.category.LAUNCHER
ADDED from src\main\AndroidManifest.xml:48:17-77
	android:name
		ADDED from src\main\AndroidManifest.xml:48:27-74
activity#com.mkch.maikejia.activity.IndexActivity
ADDED from src\main\AndroidManifest.xml:52:9-58:20
	android:screenOrientation
		ADDED from src\main\AndroidManifest.xml:56:13-49
	android:label
		ADDED from src\main\AndroidManifest.xml:54:13-45
	android:theme
		ADDED from src\main\AndroidManifest.xml:55:13-72
	android:name
		ADDED from src\main\AndroidManifest.xml:53:13-51
activity#com.mkch.maikejia.activity.CreativeDetailActivity
ADDED from src\main\AndroidManifest.xml:60:9-64:25
	android:label
		ADDED from src\main\AndroidManifest.xml:62:13-45
	android:theme
		ADDED from src\main\AndroidManifest.xml:63:13-72
	android:name
		ADDED from src\main\AndroidManifest.xml:61:13-60
activity#com.mkch.maikejia.activity.CreativeSearchActivity
ADDED from src\main\AndroidManifest.xml:66:9-70:25
	android:label
		ADDED from src\main\AndroidManifest.xml:68:13-45
	android:theme
		ADDED from src\main\AndroidManifest.xml:69:13-72
	android:name
		ADDED from src\main\AndroidManifest.xml:67:13-60
activity#com.mkch.maikejia.activity.CreativeSearchResultActivity
ADDED from src\main\AndroidManifest.xml:72:9-76:25
	android:label
		ADDED from src\main\AndroidManifest.xml:74:13-45
	android:theme
		ADDED from src\main\AndroidManifest.xml:75:13-72
	android:name
		ADDED from src\main\AndroidManifest.xml:73:13-66
activity#com.mkch.maikejia.activity.UserLoginActivity
ADDED from src\main\AndroidManifest.xml:78:9-83:25
	android:label
		ADDED from src\main\AndroidManifest.xml:80:13-45
	android:theme
		ADDED from src\main\AndroidManifest.xml:81:13-72
	android:name
		ADDED from src\main\AndroidManifest.xml:79:13-55
	android:launchMode
		ADDED from src\main\AndroidManifest.xml:82:13-44
activity#com.mkch.maikejia.activity.UserRegPhoneActivity
ADDED from src\main\AndroidManifest.xml:85:9-89:25
	android:label
		ADDED from src\main\AndroidManifest.xml:87:13-45
	android:theme
		ADDED from src\main\AndroidManifest.xml:88:13-72
	android:name
		ADDED from src\main\AndroidManifest.xml:86:13-58
activity#com.mkch.maikejia.activity.UserRegCodeActivity
ADDED from src\main\AndroidManifest.xml:91:9-95:25
	android:label
		ADDED from src\main\AndroidManifest.xml:93:13-45
	android:theme
		ADDED from src\main\AndroidManifest.xml:94:13-72
	android:name
		ADDED from src\main\AndroidManifest.xml:92:13-57
activity#com.mkch.maikejia.activity.UserRegUserNameActivity
ADDED from src\main\AndroidManifest.xml:97:9-101:25
	android:label
		ADDED from src\main\AndroidManifest.xml:99:13-45
	android:theme
		ADDED from src\main\AndroidManifest.xml:100:13-72
	android:name
		ADDED from src\main\AndroidManifest.xml:98:13-61
activity#com.mkch.maikejia.activity.CreativeDeployTitleActivity
ADDED from src\main\AndroidManifest.xml:103:9-107:25
	android:label
		ADDED from src\main\AndroidManifest.xml:105:13-45
	android:theme
		ADDED from src\main\AndroidManifest.xml:106:13-72
	android:name
		ADDED from src\main\AndroidManifest.xml:104:13-65
activity#com.mkch.maikejia.activity.CreativeDeployDescActivity
ADDED from src\main\AndroidManifest.xml:109:9-113:25
	android:label
		ADDED from src\main\AndroidManifest.xml:111:13-45
	android:theme
		ADDED from src\main\AndroidManifest.xml:112:13-72
	android:name
		ADDED from src\main\AndroidManifest.xml:110:13-64
activity#com.mkch.maikejia.activity.CreativeListActivity
ADDED from src\main\AndroidManifest.xml:115:9-119:25
	android:label
		ADDED from src\main\AndroidManifest.xml:117:13-45
	android:theme
		ADDED from src\main\AndroidManifest.xml:118:13-72
	android:name
		ADDED from src\main\AndroidManifest.xml:116:13-58
activity#com.mkch.maikejia.activity.UserForgotPhoneActivity
ADDED from src\main\AndroidManifest.xml:121:9-125:25
	android:label
		ADDED from src\main\AndroidManifest.xml:123:13-45
	android:theme
		ADDED from src\main\AndroidManifest.xml:124:13-72
	android:name
		ADDED from src\main\AndroidManifest.xml:122:13-61
activity#com.mkch.maikejia.activity.UserForgotCodeActivity
ADDED from src\main\AndroidManifest.xml:127:9-131:25
	android:label
		ADDED from src\main\AndroidManifest.xml:129:13-45
	android:theme
		ADDED from src\main\AndroidManifest.xml:130:13-72
	android:name
		ADDED from src\main\AndroidManifest.xml:128:13-60
activity#com.mkch.maikejia.activity.MkfArticleDetailActivity
ADDED from src\main\AndroidManifest.xml:133:9-137:25
	android:label
		ADDED from src\main\AndroidManifest.xml:135:13-45
	android:theme
		ADDED from src\main\AndroidManifest.xml:136:13-72
	android:name
		ADDED from src\main\AndroidManifest.xml:134:13-62
activity#com.mkch.maikejia.activity.UserSettingActivity
ADDED from src\main\AndroidManifest.xml:139:9-143:25
	android:label
		ADDED from src\main\AndroidManifest.xml:141:13-45
	android:theme
		ADDED from src\main\AndroidManifest.xml:142:13-72
	android:name
		ADDED from src\main\AndroidManifest.xml:140:13-57
activity#com.mkch.maikejia.activity.UserSettingPsInfoActivity
ADDED from src\main\AndroidManifest.xml:145:9-149:25
	android:label
		ADDED from src\main\AndroidManifest.xml:147:13-45
	android:theme
		ADDED from src\main\AndroidManifest.xml:148:13-72
	android:name
		ADDED from src\main\AndroidManifest.xml:146:13-63
activity#com.mkch.maikejia.activity.UserSettingUpdatePwdActivity
ADDED from src\main\AndroidManifest.xml:151:9-155:25
	android:label
		ADDED from src\main\AndroidManifest.xml:153:13-45
	android:theme
		ADDED from src\main\AndroidManifest.xml:154:13-72
	android:name
		ADDED from src\main\AndroidManifest.xml:152:13-66
activity#com.mkch.maikejia.activity.UserSettingSecurityActivity
ADDED from src\main\AndroidManifest.xml:157:9-161:25
	android:label
		ADDED from src\main\AndroidManifest.xml:159:13-45
	android:theme
		ADDED from src\main\AndroidManifest.xml:160:13-72
	android:name
		ADDED from src\main\AndroidManifest.xml:158:13-65
activity#com.mkch.maikejia.activity.UserSettingAboutusActivity
ADDED from src\main\AndroidManifest.xml:163:9-167:25
	android:label
		ADDED from src\main\AndroidManifest.xml:165:13-45
	android:theme
		ADDED from src\main\AndroidManifest.xml:166:13-72
	android:name
		ADDED from src\main\AndroidManifest.xml:164:13-64
activity#com.mkch.maikejia.activity.UserCreativeListActivity
ADDED from src\main\AndroidManifest.xml:169:9-173:25
	android:label
		ADDED from src\main\AndroidManifest.xml:171:13-45
	android:theme
		ADDED from src\main\AndroidManifest.xml:172:13-72
	android:name
		ADDED from src\main\AndroidManifest.xml:170:13-62
activity#com.mkch.maikejia.activity.UserAttentionActivity
ADDED from src\main\AndroidManifest.xml:175:9-179:25
	android:label
		ADDED from src\main\AndroidManifest.xml:177:13-45
	android:theme
		ADDED from src\main\AndroidManifest.xml:178:13-72
	android:name
		ADDED from src\main\AndroidManifest.xml:176:13-59
activity#com.mkch.maikejia.activity.UserFansListActivity
ADDED from src\main\AndroidManifest.xml:181:9-185:25
	android:label
		ADDED from src\main\AndroidManifest.xml:183:13-45
	android:theme
		ADDED from src\main\AndroidManifest.xml:184:13-72
	android:name
		ADDED from src\main\AndroidManifest.xml:182:13-58
activity#com.mkch.maikejia.activity.UserCommentActivity
ADDED from src\main\AndroidManifest.xml:187:9-191:25
	android:label
		ADDED from src\main\AndroidManifest.xml:189:13-45
	android:theme
		ADDED from src\main\AndroidManifest.xml:190:13-72
	android:name
		ADDED from src\main\AndroidManifest.xml:188:13-57
activity#com.mkch.maikejia.activity.UserNoticeActivity
ADDED from src\main\AndroidManifest.xml:193:9-197:25
	android:label
		ADDED from src\main\AndroidManifest.xml:195:13-45
	android:theme
		ADDED from src\main\AndroidManifest.xml:196:13-72
	android:name
		ADDED from src\main\AndroidManifest.xml:194:13-56
activity#com.mkch.maikejia.activity.UserNoticeDetailActivity
ADDED from src\main\AndroidManifest.xml:199:9-203:25
	android:label
		ADDED from src\main\AndroidManifest.xml:201:13-45
	android:theme
		ADDED from src\main\AndroidManifest.xml:202:13-72
	android:name
		ADDED from src\main\AndroidManifest.xml:200:13-62
activity#com.mkch.maikejia.activity.ArticleDetailActivity
ADDED from src\main\AndroidManifest.xml:205:9-209:25
	android:label
		ADDED from src\main\AndroidManifest.xml:207:13-45
	android:theme
		ADDED from src\main\AndroidManifest.xml:208:13-72
	android:name
		ADDED from src\main\AndroidManifest.xml:206:13-59
activity#com.mkch.maikejia.activity.UserSettingSecurityPhoneActivity
ADDED from src\main\AndroidManifest.xml:211:9-215:25
	android:label
		ADDED from src\main\AndroidManifest.xml:213:13-45
	android:theme
		ADDED from src\main\AndroidManifest.xml:214:13-72
	android:name
		ADDED from src\main\AndroidManifest.xml:212:13-70
activity#com.mkch.maikejia.activity.UserSettingSecurityPhoneCodeActivity
ADDED from src\main\AndroidManifest.xml:217:9-221:25
	android:label
		ADDED from src\main\AndroidManifest.xml:219:13-45
	android:theme
		ADDED from src\main\AndroidManifest.xml:220:13-72
	android:name
		ADDED from src\main\AndroidManifest.xml:218:13-74
activity#com.mkch.maikejia.activity.StartBusinessActivity
ADDED from src\main\AndroidManifest.xml:223:9-228:25
	android:windowSoftInputMode
		ADDED from src\main\AndroidManifest.xml:227:13-67
	android:label
		ADDED from src\main\AndroidManifest.xml:225:13-45
	android:theme
		ADDED from src\main\AndroidManifest.xml:226:13-72
	android:name
		ADDED from src\main\AndroidManifest.xml:224:13-59
activity#com.mkch.maikejia.activity.UserSettingSecurityEmailActivity
ADDED from src\main\AndroidManifest.xml:230:9-234:25
	android:label
		ADDED from src\main\AndroidManifest.xml:232:13-45
	android:theme
		ADDED from src\main\AndroidManifest.xml:233:13-72
	android:name
		ADDED from src\main\AndroidManifest.xml:231:13-70
activity#com.mkch.maikejia.activity.UserSettingSecurityEmailCodeActivity
ADDED from src\main\AndroidManifest.xml:236:9-240:25
	android:label
		ADDED from src\main\AndroidManifest.xml:238:13-45
	android:theme
		ADDED from src\main\AndroidManifest.xml:239:13-72
	android:name
		ADDED from src\main\AndroidManifest.xml:237:13-74
service#com.mkch.maikejia.service.DownloadFileService
ADDED from src\main\AndroidManifest.xml:242:9-243:19
	android:name
		ADDED from src\main\AndroidManifest.xml:242:18-61
receiver#com.mkch.maikejia.receiver.DownloadFileReceiver
ADDED from src\main\AndroidManifest.xml:245:9-249:20
	android:exported
		ADDED from src\main\AndroidManifest.xml:245:65-89
	android:name
		ADDED from src\main\AndroidManifest.xml:245:19-64
intent-filter#com.maikejia.downloadComplete
ADDED from src\main\AndroidManifest.xml:246:13-248:29
action#com.maikejia.downloadComplete
ADDED from src\main\AndroidManifest.xml:247:17-72
	android:name
		ADDED from src\main\AndroidManifest.xml:247:25-69
activity#com.umeng.socialize.view.ShareActivity
ADDED from src\main\AndroidManifest.xml:255:9-262:20
	android:windowSoftInputMode
		ADDED from src\main\AndroidManifest.xml:261:13-68
	android:noHistory
		ADDED from src\main\AndroidManifest.xml:259:13-37
	android:configChanges
		ADDED from src\main\AndroidManifest.xml:257:13-57
	android:theme
		ADDED from src\main\AndroidManifest.xml:260:13-50
	android:name
		ADDED from src\main\AndroidManifest.xml:256:13-66
	android:launchMode
		ADDED from src\main\AndroidManifest.xml:258:13-44
activity#com.tencent.tauth.AuthActivity
ADDED from src\main\AndroidManifest.xml:265:9-277:20
	android:noHistory
		ADDED from src\main\AndroidManifest.xml:268:13-37
	android:name
		ADDED from src\main\AndroidManifest.xml:266:13-58
	android:launchMode
		ADDED from src\main\AndroidManifest.xml:267:13-44
intent-filter#android.intent.action.VIEW+android.intent.category.BROWSABLE+android.intent.category.DEFAULT
ADDED from src\main\AndroidManifest.xml:269:13-276:29
action#android.intent.action.VIEW
ADDED from src\main\AndroidManifest.xml:270:17-69
	android:name
		ADDED from src\main\AndroidManifest.xml:270:25-66
category#android.intent.category.DEFAULT
ADDED from src\main\AndroidManifest.xml:272:17-76
	android:name
		ADDED from src\main\AndroidManifest.xml:272:27-73
category#android.intent.category.BROWSABLE
ADDED from src\main\AndroidManifest.xml:273:17-78
	android:name
		ADDED from src\main\AndroidManifest.xml:273:27-75
data
ADDED from src\main\AndroidManifest.xml:275:17-60
	android:scheme
		ADDED from src\main\AndroidManifest.xml:275:23-57
activity#com.tencent.connect.common.AssistActivity
ADDED from src\main\AndroidManifest.xml:278:9-281:20
	android:screenOrientation
		ADDED from src\main\AndroidManifest.xml:280:13-49
	android:theme
		ADDED from src\main\AndroidManifest.xml:279:13-72
	android:name
		ADDED from src\main\AndroidManifest.xml:278:19-75
activity#com.mkch.maikejia.wxapi.WXEntryActivity
ADDED from src\main\AndroidManifest.xml:283:2-288:44
	android:screenOrientation
		ADDED from src\main\AndroidManifest.xml:288:5-41
	android:configChanges
		ADDED from src\main\AndroidManifest.xml:286:5-66
	android:theme
		ADDED from src\main\AndroidManifest.xml:285:5-64
	android:exported
		ADDED from src\main\AndroidManifest.xml:287:5-28
	android:name
		ADDED from src\main\AndroidManifest.xml:284:5-59
meta-data#UMENG_APPKEY
ADDED from src\main\AndroidManifest.xml:291:9-294:21
	android:name
		ADDED from src\main\AndroidManifest.xml:292:13-40
	android:value
		ADDED from src\main\AndroidManifest.xml:293:13-53